
ASEM-51 V1.3                                         Copyright (c) 2002 by W.W. Heinz                                         PAGE 1





       MCS-51 Family Macro Assembler   A S E M - 5 1   V 1.3
       =====================================================



	Source File:	C:\Users\LINDA\Documents\UTS_PRAK SISMIK\PENDETEKSI BANJIR.asm
	Object File:	C:\Users\LINDA\Documents\UTS_PRAK SISMIK\PENDETEKSI BANJIR.hex
	List File:	C:\Users\LINDA\Documents\UTS_PRAK SISMIK\PENDETEKSI BANJIR.lst



 Line  I  Addr  Code            Source

    1:		N      0000	ORG 00H
    2:	  0000	75 A0 00	MOV P2,#00H
    3:	  0003	75 90 E0	MOV P1,#11100000B
    4:	  0006	75 B0 00	MOV P3,#00H
    5:	  0009	20 90 06	JB P1.0, RUNNING
    6:	  000C	30 92 2C	JNB P1.2, LO
    7:	  000F	20 91 23	JB P1.1, M
    8:
    9:	  0012			RUNNING:
   10:	  0012	75 A0 00	MOV P2,#00H
   11:	  0015	75 B0 76	MOV P3,#76H
   12:	  0018	20 90 F7	JB P1.0, RUNNING
   13:	  001B	75 B0 04	MOV P3,#00000100B
   14:
   15:	  001E			RUNNINGM:
   16:	  001E	75 B0 02	MOV P3,#00000010B
   17:	  0021	D2 A7		SETB P2.7
   18:	  0023	20 91 F8	JB P1.1, RUNNINGM
   19:
   20:	  0026			RUNNINGL:
   21:	  0026	75 B0 38	MOV P3,#38H
   22:	  0029	20 92 FA	JB P1.2, RUNNINGL
   23:	  002C	D2 A6		SETB P2.6
   24:	  002E	C2 A7		CLR P2.7
   25:	  0030	75 B0 00	MOV P3,#00000000B
   26:	  0033	80 06		SJMP LO
   27:
   28:	  0035			M:
   29:	  0035	75 B0 02	MOV P3,#00000010B
   30:	  0038	30 91 FA	JNB P1.1, M
   31:
   32:	  003B			LO:
   33:	  003B	D2 A6		SETB P2.6
   34:	  003D	75 B0 01	MOV P3,#00000001B
   35:	  0040	30 92 F8	JNB P1.2, LO
   36:	  0043	75 B0 38	MOV P3,#38H
   37:
   38:	  0046			MIDDLE:
   39:	  0046	D2 A7		SETB P2.7
   40:	  0048	30 91 FB	JNB P1.1, MIDDLE
   41:	  004B	75 B0 02	MOV P3,#00000010B
   42:
   43:	  004E			HIG:

ASEM-51 V1.3                                         Copyright (c) 2002 by W.W. Heinz                                         PAGE 2



 Line  I  Addr  Code            Source

   44:	  004E	D2 A6		SETB P2.6
   45:	  0050	30 90 FB	JNB P1.0, HIG
   46:	  0053	C2 A7		CLR P2.7
   47:	  0055	C2 A6		CLR P2.6
   48:	  0057	02 00 12	LJMP RUNNING
   49:				END





                     register banks used:  ---

                     no errors




ASEM-51 V1.3                                         Copyright (c) 2002 by W.W. Heinz                                         PAGE 3





	       L I S T   O F   S Y M B O L S
	       =============================


SYMBOL				  TYPE     VALUE	LINE
------------------------------------------------------------
??ASEM_51			  NUMBER    8051
??VERSION			  NUMBER    0130
AC				  BIT	      D6
ACC				  DATA	      E0
B				  DATA	      F0
CY				  BIT	      D7
DPH				  DATA	      83
DPL				  DATA	      82
EA				  BIT	      AF
ES				  BIT	      AC
ET0				  BIT	      A9
ET1				  BIT	      AB
EX0				  BIT	      A8
EX1				  BIT	      AA
EXTI0				  CODE	    0003
EXTI1				  CODE	    0013
F0				  BIT	      D5
HIG				  CODE	    004E	  43
IE				  DATA	      A8
IE0				  BIT	      89
IE1				  BIT	      8B
INT0				  BIT	      B2
INT1				  BIT	      B3
IP				  DATA	      B8
IT0				  BIT	      88
IT1				  BIT	      8A
LO				  CODE	    003B	  32
M				  CODE	    0035	  28
MIDDLE				  CODE	    0046	  38
OV				  BIT	      D2
P				  BIT	      D0
P0				  DATA	      80
P1				  DATA	      90
P2				  DATA	      A0
P3				  DATA	      B0
PCON				  DATA	      87
PS				  BIT	      BC
PSW				  DATA	      D0
PT0				  BIT	      B9
PT1				  BIT	      BB
PX0				  BIT	      B8
PX1				  BIT	      BA
RB8				  BIT	      9A
RD				  BIT	      B7
REN				  BIT	      9C
RESET				  CODE	    0000
RI				  BIT	      98
RS0				  BIT	      D3
RS1				  BIT	      D4
RUNNING				  CODE	    0012	   9

ASEM-51 V1.3                                         Copyright (c) 2002 by W.W. Heinz                                         PAGE 4



SYMBOL				  TYPE     VALUE	LINE
------------------------------------------------------------
RUNNINGL			  CODE	    0026	  20
RUNNINGM			  CODE	    001E	  15
RXD				  BIT	      B0
SBUF				  DATA	      99
SCON				  DATA	      98
SINT				  CODE	    0023
SM0				  BIT	      9F
SM1				  BIT	      9E
SM2				  BIT	      9D
SP				  DATA	      81
T0				  BIT	      B4
T1				  BIT	      B5
TB8				  BIT	      9B
TCON				  DATA	      88
TF0				  BIT	      8D
TF1				  BIT	      8F
TH0				  DATA	      8C
TH1				  DATA	      8D
TI				  BIT	      99
TIMER0				  CODE	    000B
TIMER1				  CODE	    001B
TL0				  DATA	      8A
TL1				  DATA	      8B
TMOD				  DATA	      89
TR0				  BIT	      8C
TR1				  BIT	      8E
TXD				  BIT	      B1
WR				  BIT	      B6
